<?xml version="1.0" encoding="UTF-8"?>
<testsuite name="marina.edu.test.appmanager.marina.edu.EquationTests" tests="6" skipped="0" failures="0" errors="0" timestamp="2018-04-24T11:16:26" hostname="Michael" time="0.038">
  <properties/>
  <testcase name="test0" classname="marina.edu.test.appmanager.marina.edu.EquationTests" time="0.011"/>
  <testcase name="test1" classname="marina.edu.test.appmanager.marina.edu.EquationTests" time="0.006"/>
  <testcase name="test2" classname="marina.edu.test.appmanager.marina.edu.EquationTests" time="0.001"/>
  <testcase name="testConstant" classname="marina.edu.test.appmanager.marina.edu.EquationTests" time="0.0"/>
  <testcase name="testLinear" classname="marina.edu.test.appmanager.marina.edu.EquationTests" time="0.0"/>
  <testcase name="testZero" classname="marina.edu.test.appmanager.marina.edu.EquationTests" time="0.0"/>
  <system-out><![CDATA[]]></system-out>
  <system-err><![CDATA[]]></system-err>
</testsuite>
