<?xml version="1.0" encoding="UTF-8"?>
<testsuite name="marina.edu.test.tests.GroupCreationTests2" tests="1" skipped="0" failures="0" errors="0" timestamp="2018-04-24T11:16:26" hostname="Michael" time="14.227">
  <properties/>
  <testcase name="testGroupCreationTests2" classname="marina.edu.test.tests.GroupCreationTests2" time="14.227"/>
  <system-out><![CDATA[]]></system-out>
  <system-err><![CDATA[]]></system-err>
</testsuite>
