<?xml version="1.0" encoding="UTF-8"?>
<testsuite name="marina.edu.test.tests.GroupModificationTests2" tests="1" skipped="0" failures="0" errors="0" timestamp="2018-04-24T11:16:45" hostname="Michael" time="16.492">
  <properties/>
  <testcase name="testGroupModificationTests2" classname="marina.edu.test.tests.GroupModificationTests2" time="16.492"/>
  <system-out><![CDATA[]]></system-out>
  <system-err><![CDATA[]]></system-err>
</testsuite>
